{"name": "Search results show the right result", "status": "broken", "statusDetails": {"message": "selenium.common.exceptions.TimeoutException: Message: Element not clickable by ('css selector', '.popup-close')\n\n", "trace": "  File \"/Library/Frameworks/Python.framework/Versions/3.11/lib/python3.11/site-packages/behave/model.py\", line 1329, in run\n    match.run(runner.context)\n  File \"/Library/Frameworks/Python.framework/Versions/3.11/lib/python3.11/site-packages/behave/matchers.py\", line 98, in run\n    self.func(context, *args, **kwargs)\n  File \"features/steps/main_page.py\", line 14, in close_popup\n    context.app.header.close_popup()\n  File \"/Users/svetlanamikolenko/PycharmProjects/automation-internship/pages/header.py\", line 18, in close_popup\n    self.wait_for_element_click(*self.POPUP_CLOSE)\n  File \"/Users/svetlanamikolenko/PycharmProjects/automation-internship/pages/base_page.py\", line 33, in wait_for_element_click\n    element = self.wait.until(EC.element_to_be_clickable(locator), message=f'Element not clickable by {locator}')\n              ^^^^^^^^^^^^^^^^^^^^^^^^^^^^^^^^^^^^^^^^^^^^^^^^^^^^^^^^^^^^^^^^^^^^^^^^^^^^^^^^^^^^^^^^^^^^^^^^^^^\n  File \"/Library/Frameworks/Python.framework/Versions/3.11/lib/python3.11/site-packages/selenium/webdriver/support/wait.py\", line 95, in until\n    raise TimeoutException(message, screen, stacktrace)\n"}, "steps": [{"name": "Given Open main page", "status": "passed", "start": 1683502733686, "stop": 1683502746628}, {"name": "When Close a pop up", "status": "broken", "statusDetails": {"message": "selenium.common.exceptions.TimeoutException: Message: Element not clickable by ('css selector', '.popup-close')\n\n", "trace": "  File \"/Library/Frameworks/Python.framework/Versions/3.11/lib/python3.11/site-packages/behave/model.py\", line 1329, in run\n    match.run(runner.context)\n  File \"/Library/Frameworks/Python.framework/Versions/3.11/lib/python3.11/site-packages/behave/matchers.py\", line 98, in run\n    self.func(context, *args, **kwargs)\n  File \"features/steps/main_page.py\", line 14, in close_popup\n    context.app.header.close_popup()\n  File \"/Users/svetlanamikolenko/PycharmProjects/automation-internship/pages/header.py\", line 18, in close_popup\n    self.wait_for_element_click(*self.POPUP_CLOSE)\n  File \"/Users/svetlanamikolenko/PycharmProjects/automation-internship/pages/base_page.py\", line 33, in wait_for_element_click\n    element = self.wait.until(EC.element_to_be_clickable(locator), message=f'Element not clickable by {locator}')\n              ^^^^^^^^^^^^^^^^^^^^^^^^^^^^^^^^^^^^^^^^^^^^^^^^^^^^^^^^^^^^^^^^^^^^^^^^^^^^^^^^^^^^^^^^^^^^^^^^^^^\n  File \"/Library/Frameworks/Python.framework/Versions/3.11/lib/python3.11/site-packages/selenium/webdriver/support/wait.py\", line 95, in until\n    raise TimeoutException(message, screen, stacktrace)\n"}, "start": 1683502746629, "stop": 1683502761664}, {"name": "When Click on search icon in the header", "status": "skipped", "start": 1683502761813, "stop": 1683502761813}, {"name": "When Input text SPF into search field", "status": "skipped", "start": 1683502761813, "stop": 1683502761813}, {"name": "Then Verify results have SPF", "status": "skipped", "start": 1683502761813, "stop": 1683502761813}], "start": 1683502724837, "stop": 1683502761813, "uuid": "682a3bac-359e-4d4c-bc07-89fb42a70d1e", "historyId": "f9b7ac3d4ee2a4683d4178786fd356b4", "fullName": "Cureskin search tests: Search results show the right result", "labels": [{"name": "severity", "value": "normal"}, {"name": "feature", "value": "Cureskin search tests"}, {"name": "framework", "value": "behave"}, {"name": "language", "value": "cpython3"}]}