{"name": "Search results show the right result", "status": "broken", "statusDetails": {"message": "selenium.common.exceptions.ElementClickInterceptedException: Message: Element <summary class=\"header__icon header__icon--summary header__icon--search focus-inset modal__toggle\"> is not clickable at point (439,28) because another element <div class=\"popup-overlay\"> obscures it\nStacktrace:\nRemoteError@chrome://remote/content/shared/RemoteError.sys.mjs:8:8\nWebDriverError@chrome://remote/content/shared/webdriver/Errors.sys.mjs:182:5\nElementClickInterceptedError@chrome://remote/content/shared/webdriver/Errors.sys.mjs:281:5\nwebdriverClickElement@chrome://remote/content/marionette/interaction.sys.mjs:160:11\ninteraction.clickElement@chrome://remote/content/marionette/interaction.sys.mjs:119:11\nclickElement@chrome://remote/content/marionette/actors/MarionetteCommandsChild.sys.mjs:208:29\nreceiveMessage@chrome://remote/content/marionette/actors/MarionetteCommandsChild.sys.mjs:97:31\n\n", "trace": "  File \"/Library/Frameworks/Python.framework/Versions/3.11/lib/python3.11/site-packages/behave/model.py\", line 1329, in run\n    match.run(runner.context)\n  File \"/Library/Frameworks/Python.framework/Versions/3.11/lib/python3.11/site-packages/behave/matchers.py\", line 98, in run\n    self.func(context, *args, **kwargs)\n  File \"features/steps/main_page.py\", line 19, in click_search_icon\n    context.app.header.click_search_icon()\n  File \"/Users/svetlanamikolenko/PycharmProjects/automation-internship/pages/header.py\", line 12, in click_search_icon\n    self.click(*self.CURESKIN_SEARCH_ICON)\n  File \"/Users/svetlanamikolenko/PycharmProjects/automation-internship/pages/base_page.py\", line 14, in click\n    self.driver.find_element(*locator).click()\n  File \"/Library/Frameworks/Python.framework/Versions/3.11/lib/python3.11/site-packages/selenium/webdriver/remote/webelement.py\", line 94, in click\n    self._execute(Command.CLICK_ELEMENT)\n  File \"/Library/Frameworks/Python.framework/Versions/3.11/lib/python3.11/site-packages/selenium/webdriver/remote/webelement.py\", line 403, in _execute\n    return self._parent.execute(command, params)\n           ^^^^^^^^^^^^^^^^^^^^^^^^^^^^^^^^^^^^^\n  File \"/Library/Frameworks/Python.framework/Versions/3.11/lib/python3.11/site-packages/selenium/webdriver/remote/webdriver.py\", line 440, in execute\n    self.error_handler.check_response(response)\n  File \"/Library/Frameworks/Python.framework/Versions/3.11/lib/python3.11/site-packages/selenium/webdriver/remote/errorhandler.py\", line 245, in check_response\n    raise exception_class(message, screen, stacktrace)\n"}, "steps": [{"name": "Given Open main page", "status": "passed", "start": 1683161023822, "stop": 1683161025759}, {"name": "When Close a pop up", "status": "passed", "start": 1683161025761, "stop": 1683161030975}, {"name": "When Click on search icon in the header", "status": "broken", "statusDetails": {"message": "selenium.common.exceptions.ElementClickInterceptedException: Message: Element <summary class=\"header__icon header__icon--summary header__icon--search focus-inset modal__toggle\"> is not clickable at point (439,28) because another element <div class=\"popup-overlay\"> obscures it\nStacktrace:\nRemoteError@chrome://remote/content/shared/RemoteError.sys.mjs:8:8\nWebDriverError@chrome://remote/content/shared/webdriver/Errors.sys.mjs:182:5\nElementClickInterceptedError@chrome://remote/content/shared/webdriver/Errors.sys.mjs:281:5\nwebdriverClickElement@chrome://remote/content/marionette/interaction.sys.mjs:160:11\ninteraction.clickElement@chrome://remote/content/marionette/interaction.sys.mjs:119:11\nclickElement@chrome://remote/content/marionette/actors/MarionetteCommandsChild.sys.mjs:208:29\nreceiveMessage@chrome://remote/content/marionette/actors/MarionetteCommandsChild.sys.mjs:97:31\n\n", "trace": "  File \"/Library/Frameworks/Python.framework/Versions/3.11/lib/python3.11/site-packages/behave/model.py\", line 1329, in run\n    match.run(runner.context)\n  File \"/Library/Frameworks/Python.framework/Versions/3.11/lib/python3.11/site-packages/behave/matchers.py\", line 98, in run\n    self.func(context, *args, **kwargs)\n  File \"features/steps/main_page.py\", line 19, in click_search_icon\n    context.app.header.click_search_icon()\n  File \"/Users/svetlanamikolenko/PycharmProjects/automation-internship/pages/header.py\", line 12, in click_search_icon\n    self.click(*self.CURESKIN_SEARCH_ICON)\n  File \"/Users/svetlanamikolenko/PycharmProjects/automation-internship/pages/base_page.py\", line 14, in click\n    self.driver.find_element(*locator).click()\n  File \"/Library/Frameworks/Python.framework/Versions/3.11/lib/python3.11/site-packages/selenium/webdriver/remote/webelement.py\", line 94, in click\n    self._execute(Command.CLICK_ELEMENT)\n  File \"/Library/Frameworks/Python.framework/Versions/3.11/lib/python3.11/site-packages/selenium/webdriver/remote/webelement.py\", line 403, in _execute\n    return self._parent.execute(command, params)\n           ^^^^^^^^^^^^^^^^^^^^^^^^^^^^^^^^^^^^^\n  File \"/Library/Frameworks/Python.framework/Versions/3.11/lib/python3.11/site-packages/selenium/webdriver/remote/webdriver.py\", line 440, in execute\n    self.error_handler.check_response(response)\n  File \"/Library/Frameworks/Python.framework/Versions/3.11/lib/python3.11/site-packages/selenium/webdriver/remote/errorhandler.py\", line 245, in check_response\n    raise exception_class(message, screen, stacktrace)\n"}, "start": 1683161030976, "stop": 1683161031301}, {"name": "When Input text SPF into search field", "status": "skipped", "start": 1683161032439, "stop": 1683161032439}, {"name": "Then Verify results have SPF", "status": "skipped", "start": 1683161032439, "stop": 1683161032439}], "start": 1683160969711, "stop": 1683161032439, "uuid": "a8bfc28d-d77c-410d-ab7e-2cd42850e0b9", "historyId": "f9b7ac3d4ee2a4683d4178786fd356b4", "fullName": "Cureskin search tests: Search results show the right result", "labels": [{"name": "severity", "value": "normal"}, {"name": "feature", "value": "Cureskin search tests"}, {"name": "framework", "value": "behave"}, {"name": "language", "value": "cpython3"}]}